<?xml version="1.0" encoding="UTF-8"?>
<testng-results ignored="0" total="1" passed="1" failed="0" skipped="0">
  <reporter-output>
  </reporter-output>
  <suite started-at="2022-06-27T01:55:52 IST" name="Default suite" finished-at="2022-06-27T01:56:16 IST" duration-ms="23785">
    <groups>
      <group name="cucumber">
        <method signature="AbstractTestNGCucumberTests.runScenario(io.cucumber.testng.PickleWrapper, io.cucumber.testng.FeatureWrapper)[pri:0, instance:bot.sf.testcases.LoginSalesForce@791f145a]" name="runScenario" class="io.cucumber.testng.AbstractTestNGCucumberTests"/>
      </group> <!-- cucumber -->
    </groups>
    <test started-at="2022-06-27T01:55:52 IST" name="Default test" finished-at="2022-06-27T01:56:16 IST" duration-ms="23785">
      <class name="bot.sf.testcases.LoginSalesForce">
        <test-method is-config="true" signature="setUpClass(org.testng.ITestContext)[pri:0, instance:bot.sf.testcases.LoginSalesForce@791f145a]" started-at="2022-06-27T01:55:53 IST" name="setUpClass" finished-at="2022-06-27T01:55:54 IST" duration-ms="1462" status="PASS">
          <params>
            <param index="0">
              <value>
                <![CDATA[org.testng.TestRunner@4f1afe8f]]>
              </value>
            </param>
          </params>
          <reporter-output>
          </reporter-output>
        </test-method> <!-- setUpClass -->
        <test-method is-config="true" signature="preCondition()[pri:0, instance:bot.sf.testcases.LoginSalesForce@791f145a]" started-at="2022-06-27T01:55:54 IST" name="preCondition" finished-at="2022-06-27T01:56:02 IST" duration-ms="8155" status="PASS">
          <reporter-output>
          </reporter-output>
        </test-method> <!-- preCondition -->
        <test-method signature="runScenario(io.cucumber.testng.PickleWrapper, io.cucumber.testng.FeatureWrapper)[pri:0, instance:bot.sf.testcases.LoginSalesForce@791f145a]" started-at="2022-06-27T01:56:02 IST" name="runScenario" description="Runs Cucumber Scenarios" data-provider="scenarios" finished-at="2022-06-27T01:56:14 IST" duration-ms="11989" status="PASS">
          <params>
            <param index="0">
              <value>
                <![CDATA["Login Sales Force"]]>
              </value>
            </param>
            <param index="1">
              <value>
                <![CDATA["Login"]]>
              </value>
            </param>
          </params>
          <reporter-output>
          </reporter-output>
        </test-method> <!-- runScenario -->
        <test-method is-config="true" signature="closeBrowser()[pri:0, instance:bot.sf.testcases.LoginSalesForce@791f145a]" started-at="2022-06-27T01:56:14 IST" name="closeBrowser" finished-at="2022-06-27T01:56:15 IST" duration-ms="409" status="PASS">
          <reporter-output>
          </reporter-output>
        </test-method> <!-- closeBrowser -->
        <test-method is-config="true" signature="tearDownClass()[pri:0, instance:bot.sf.testcases.LoginSalesForce@791f145a]" started-at="2022-06-27T01:56:15 IST" name="tearDownClass" finished-at="2022-06-27T01:56:16 IST" duration-ms="1708" status="PASS">
          <reporter-output>
          </reporter-output>
        </test-method> <!-- tearDownClass -->
      </class> <!-- bot.sf.testcases.LoginSalesForce -->
    </test> <!-- Default test -->
  </suite> <!-- Default suite -->
</testng-results>
